z:\github\ffplay-1.2.12\applications\bin\mfcplayer.exe
z:\github\ffplay-1.2.12\applications\bin\mfcplayer.pdb
z:\github\ffplay-1.2.12\applications\bin\mfcplayer.ipdb
z:\github\ffplay-1.2.12\applications\bin\mfcplayer.iobj
z:\github\ffplay-1.2.12\applications\c++\ffpmfcplayer\mfcplayer\release\mfcplayer.pch
z:\github\ffplay-1.2.12\applications\c++\ffpmfcplayer\mfcplayer\release\vc141.pdb
z:\github\ffplay-1.2.12\applications\c++\ffpmfcplayer\mfcplayer\release\stdafx.obj
z:\github\ffplay-1.2.12\applications\c++\ffpmfcplayer\mfcplayer\release\mfcplayerdlg.obj
z:\github\ffplay-1.2.12\applications\c++\ffpmfcplayer\mfcplayer\release\mfcplayer.obj
z:\github\ffplay-1.2.12\applications\c++\ffpmfcplayer\mfcplayer\release\mfcplayer.res
z:\github\ffplay-1.2.12\applications\c++\ffpmfcplayer\..\..\bin\mfcplayer.pdb
z:\github\ffplay-1.2.12\applications\c++\ffpmfcplayer\..\..\bin\mfcplayer.exe
z:\github\ffplay-1.2.12\applications\c++\ffpmfcplayer\mfcplayer\release\mfcplayer.tlog\link.read.1.tlog
z:\github\ffplay-1.2.12\applications\c++\ffpmfcplayer\mfcplayer\release\mfcplayer.tlog\link.command.1.tlog
z:\github\ffplay-1.2.12\applications\c++\ffpmfcplayer\mfcplayer\release\mfcplayer.tlog\rc.command.1.tlog
z:\github\ffplay-1.2.12\applications\c++\ffpmfcplayer\mfcplayer\release\mfcplayer.tlog\link.write.1.tlog
z:\github\ffplay-1.2.12\applications\c++\ffpmfcplayer\mfcplayer\release\mfcplayer.tlog\cl.read.1.tlog
z:\github\ffplay-1.2.12\applications\c++\ffpmfcplayer\mfcplayer\release\mfcplayer.tlog\rc.write.1.tlog
z:\github\ffplay-1.2.12\applications\c++\ffpmfcplayer\mfcplayer\release\mfcplayer.tlog\cl.command.1.tlog
z:\github\ffplay-1.2.12\applications\c++\ffpmfcplayer\mfcplayer\release\mfcplayer.tlog\rc.read.1.tlog
z:\github\ffplay-1.2.12\applications\c++\ffpmfcplayer\mfcplayer\release\mfcplayer.tlog\mfcplayer.write.1u.tlog
z:\github\ffplay-1.2.12\applications\c++\ffpmfcplayer\mfcplayer\release\mfcplayer.tlog\cl.write.1.tlog
