c:\projects\app\c++\ffp_decoder\ffp_decoder\release\ffp_decoder.pch
c:\projects\app\c++\ffp_decoder\ffp_decoder\release\stdafx.obj
c:\projects\app\c++\ffp_decoder\ffp_decoder\release\vc100.pdb
c:\projects\app\c++\ffp_decoder\ffp_decoder\release\dllmain.obj
c:\projects\app\c++\ffp_decoder\ffp_decoder\release\ffp_decoder.obj
c:\projects\app\bin\ffp_decoder.lib
c:\projects\app\bin\ffp_decoder.exp
c:\projects\app\bin\ffp_decoder.dll
c:\projects\app\c++\ffp_decoder\ffp_decoder\release\ffp_decoder.dll.intermediate.manifest
c:\projects\app\bin\ffp_decoder.pdb
c:\projects\app\c++\ffp_decoder\ffp_decoder\release\cl.command.1.tlog
c:\projects\app\c++\ffp_decoder\ffp_decoder\release\cl.read.1.tlog
c:\projects\app\c++\ffp_decoder\ffp_decoder\release\cl.write.1.tlog
c:\projects\app\c++\ffp_decoder\ffp_decoder\release\ffp_decoder.write.1.tlog
c:\projects\app\c++\ffp_decoder\ffp_decoder\release\link.command.1.tlog
c:\projects\app\c++\ffp_decoder\ffp_decoder\release\link.read.1.tlog
c:\projects\app\c++\ffp_decoder\ffp_decoder\release\link.write.1.tlog
c:\projects\app\c++\ffp_decoder\ffp_decoder\release\mt.command.1.tlog
c:\projects\app\c++\ffp_decoder\ffp_decoder\release\mt.read.1.tlog
c:\projects\app\c++\ffp_decoder\ffp_decoder\release\mt.write.1.tlog
c:\projects\app\c++\ffp_decoder\..\..\bin\ffp_decoder.pdb
c:\projects\app\c++\ffp_decoder\..\..\bin\ffp_decoder.dll
